P:\openGLCUDA_v3\Debug\openGLCUDA_v3.exe
P:\openGLCUDA_v3\Debug\openGLCUDA_v3.ilk
P:\OPENGLCUDA_V3\DEBUG\OPENGLCUDA_V3.PDB
P:\openGLCUDA_v3\openGLCUDA_v3\Debug\kernel.cu.cache
P:\openGLCUDA_v3\openGLCUDA_v3\Debug\kernel.cu.obj
P:\openGLCUDA_v3\openGLCUDA_v3\Debug\link.4472.read.1.tlog
P:\openGLCUDA_v3\openGLCUDA_v3\Debug\link.4472.write.1.tlog
P:\openGLCUDA_v3\openGLCUDA_v3\Debug\link.4472-cvtres.read.1.tlog
P:\openGLCUDA_v3\openGLCUDA_v3\Debug\link.4472-cvtres.write.1.tlog
P:\openGLCUDA_v3\openGLCUDA_v3\Debug\link.command.1.tlog
P:\openGLCUDA_v3\openGLCUDA_v3\Debug\link.read.1.tlog
P:\openGLCUDA_v3\openGLCUDA_v3\Debug\link.write.1.tlog
P:\openGLCUDA_v3\openGLCUDA_v3\Debug\link-cvtres.read.1.tlog
P:\openGLCUDA_v3\openGLCUDA_v3\Debug\link-cvtres.write.1.tlog
P:\openGLCUDA_v3\openGLCUDA_v3\Debug\mt.command.1.tlog
P:\openGLCUDA_v3\openGLCUDA_v3\Debug\mt.read.1.tlog
P:\openGLCUDA_v3\openGLCUDA_v3\Debug\mt.write.1.tlog
P:\openGLCUDA_v3\openGLCUDA_v3\Debug\openGLCUDA_v3.exe.embed.manifest
P:\openGLCUDA_v3\openGLCUDA_v3\Debug\openGLCUDA_v3.exe.embed.manifest.res
P:\openGLCUDA_v3\openGLCUDA_v3\Debug\openGLCUDA_v3.exe.intermediate.manifest
P:\openGLCUDA_v3\openGLCUDA_v3\Debug\openGLCUDA_v3_manifest.rc
P:\openGLCUDA_v3\openGLCUDA_v3\Debug\rc.command.1.tlog
P:\openGLCUDA_v3\openGLCUDA_v3\Debug\rc.read.1.tlog
P:\openGLCUDA_v3\openGLCUDA_v3\Debug\rc.write.1.tlog
