Build started 6/10/2012 2:52:52 PM.
     1>Project "P:\GIT_Repos\PLAYINGWITHCUDA\openGLCUDA_v3\openGLCUDA_v3.vcxproj" on node 2 (build target(s)).
     1>InitializeBuildStatus:
         Touching "Debug\openGLCUDA_v3.unsuccessfulbuild".
       AddCudaCompileDeps:
         C:\Program Files (x86)\Microsoft Visual Studio 10.0\VC\bin\cl.exe /E /nologo /showIncludes /TP /D__CUDACC__ /I"C:\Program Files\NVIDIA GPU Computing Toolkit\CUDA\v4.2\bin" /I"C:\Program Files\NVIDIA GPU Computing Toolkit\CUDA\v4.2\include" /I. /FIcuda_runtime.h /c P:\GIT_Repos\PLAYINGWITHCUDA\openGLCUDA_v3\kernel.cu 
       AddCudaCompilePropsDeps:
       Skipping target "AddCudaCompilePropsDeps" because all output files are up-to-date with respect to the input files.
       CudaBuild:
         Compiling CUDA source file kernel.cu...
         cmd.exe /C "C:\Users\rlimber.SALISBURY\AppData\Local\Temp\25da6d543a054c3b934f94d4fffc9d50.cmd"
         "C:\Program Files\NVIDIA GPU Computing Toolkit\CUDA\v4.2\bin\nvcc.exe" -gencode=arch=compute_10,code=\"sm_10,compute_10\" --use-local-env --cl-version 2010 -ccbin "C:\Program Files (x86)\Microsoft Visual Studio 10.0\VC\bin"  -I"C:\Program Files\NVIDIA GPU Computing Toolkit\CUDA\v4.2\include"  -G  --keep-dir "Debug" -maxrregcount=0  --machine 32 --compile  -g    -Xcompiler "/EHsc /nologo /Od /Zi  /MDd  " -o "Debug\kernel.cu.obj" "P:\GIT_Repos\PLAYINGWITHCUDA\openGLCUDA_v3\kernel.cu"
         
         P:\GIT_Repos\PLAYINGWITHCUDA\openGLCUDA_v3>"C:\Program Files\NVIDIA GPU Computing Toolkit\CUDA\v4.2\bin\nvcc.exe" -gencode=arch=compute_10,code=\"sm_10,compute_10\" --use-local-env --cl-version 2010 -ccbin "C:\Program Files (x86)\Microsoft Visual Studio 10.0\VC\bin"  -I"C:\Program Files\NVIDIA GPU Computing Toolkit\CUDA\v4.2\include"  -G  --keep-dir "Debug" -maxrregcount=0  --machine 32 --compile  -g    -Xcompiler "/EHsc /nologo /Od /Zi  /MDd  " -o "Debug\kernel.cu.obj" "P:\GIT_Repos\PLAYINGWITHCUDA\openGLCUDA_v3\kernel.cu" 
         kernel.cu
         tmpxft_000010b0_00000000-0_kernel.cudafe1.gpu
         tmpxft_000010b0_00000000-5_kernel.cudafe2.gpu
         kernel.cu
     1>ptxas C : /Users/RLIMBE~1.SAL/AppData/Local/Temp/tmpxft_000010b0_00000000-1_kernel.ptx, line 1048; warning : Double is not supported. Demoting to float
         tmpxft_000010b0_00000000-0_kernel.cudafe1.cpp
         tmpxft_000010b0_00000000-11_kernel.ii
         Deleting file "tmpxft_000010b0_00000000-6_kernel.cpp3.o".
       ManifestResourceCompile:
         C:\Program Files (x86)\Microsoft SDKs\Windows\v7.0A\bin\rc.exe /nologo /fo"Debug\openGLCUDA_v3.exe.embed.manifest.res" Debug\openGLCUDA_v3_manifest.rc 
       Link:
         C:\Program Files (x86)\Microsoft Visual Studio 10.0\VC\bin\link.exe /ERRORREPORT:PROMPT /OUT:"P:\GIT_Repos\PLAYINGWITHCUDA\Debug\openGLCUDA_v3.exe" /INCREMENTAL /NOLOGO /LIBPATH:"C:\Program Files\NVIDIA GPU Computing Toolkit\CUDA\v4.2\lib\Win32" cudart.lib kernel32.lib user32.lib gdi32.lib winspool.lib comdlg32.lib advapi32.lib shell32.lib ole32.lib oleaut32.lib uuid.lib odbc32.lib odbccp32.lib kernel32.lib user32.lib gdi32.lib winspool.lib comdlg32.lib advapi32.lib shell32.lib ole32.lib oleaut32.lib uuid.lib odbc32.lib odbccp32.lib /MANIFEST /ManifestFile:"Debug\openGLCUDA_v3.exe.intermediate.manifest" /MANIFESTUAC:"level='asInvoker' uiAccess='false'" /DEBUG /PDB:"P:\GIT_Repos\PLAYINGWITHCUDA\Debug\openGLCUDA_v3.pdb" /SUBSYSTEM:CONSOLE /TLBID:1 /DYNAMICBASE /NXCOMPAT /IMPLIB:"P:\GIT_Repos\PLAYINGWITHCUDA\Debug\openGLCUDA_v3.lib" /MACHINE:X86 Debug\kernel.cu.obj
         Debug\openGLCUDA_v3.exe.embed.manifest.res
       Manifest:
         C:\Program Files (x86)\Microsoft SDKs\Windows\v7.0A\bin\mt.exe /nologo /verbose /out:"Debug\openGLCUDA_v3.exe.embed.manifest" /manifest Debug\openGLCUDA_v3.exe.intermediate.manifest
         C:\Program Files (x86)\Microsoft SDKs\Windows\v7.0A\bin\rc.exe /nologo /fo"Debug\openGLCUDA_v3.exe.embed.manifest.res" Debug\openGLCUDA_v3_manifest.rc 
       LinkEmbedManifest:
         C:\Program Files (x86)\Microsoft Visual Studio 10.0\VC\bin\link.exe /ERRORREPORT:PROMPT /OUT:"P:\GIT_Repos\PLAYINGWITHCUDA\Debug\openGLCUDA_v3.exe" /INCREMENTAL /NOLOGO /LIBPATH:"C:\Program Files\NVIDIA GPU Computing Toolkit\CUDA\v4.2\lib\Win32" cudart.lib kernel32.lib user32.lib gdi32.lib winspool.lib comdlg32.lib advapi32.lib shell32.lib ole32.lib oleaut32.lib uuid.lib odbc32.lib odbccp32.lib kernel32.lib user32.lib gdi32.lib winspool.lib comdlg32.lib advapi32.lib shell32.lib ole32.lib oleaut32.lib uuid.lib odbc32.lib odbccp32.lib /MANIFEST /ManifestFile:"Debug\openGLCUDA_v3.exe.intermediate.manifest" /MANIFESTUAC:"level='asInvoker' uiAccess='false'" /DEBUG /PDB:"P:\GIT_Repos\PLAYINGWITHCUDA\Debug\openGLCUDA_v3.pdb" /SUBSYSTEM:CONSOLE /TLBID:1 /DYNAMICBASE /NXCOMPAT /IMPLIB:"P:\GIT_Repos\PLAYINGWITHCUDA\Debug\openGLCUDA_v3.lib" /MACHINE:X86 Debug\kernel.cu.obj
         Debug\openGLCUDA_v3.exe.embed.manifest.res
         openGLCUDA_v3.vcxproj -> P:\GIT_Repos\PLAYINGWITHCUDA\Debug\openGLCUDA_v3.exe
       PostBuildEvent:
         echo copy "C:\Program Files\NVIDIA GPU Computing Toolkit\CUDA\v4.2\bin\cudart*.dll" "P:\GIT_Repos\PLAYINGWITHCUDA\Debug\"
         copy "C:\Program Files\NVIDIA GPU Computing Toolkit\CUDA\v4.2\bin\cudart*.dll" "P:\GIT_Repos\PLAYINGWITHCUDA\Debug\"
         :VCEnd
         copy "C:\Program Files\NVIDIA GPU Computing Toolkit\CUDA\v4.2\bin\cudart*.dll" "P:\GIT_Repos\PLAYINGWITHCUDA\Debug\"
         C:\Program Files\NVIDIA GPU Computing Toolkit\CUDA\v4.2\bin\cudart32_42_9.dll
         C:\Program Files\NVIDIA GPU Computing Toolkit\CUDA\v4.2\bin\cudart64_42_9.dll
                 2 file(s) copied.
       FinalizeBuildStatus:
         Deleting file "Debug\openGLCUDA_v3.unsuccessfulbuild".
         Touching "Debug\openGLCUDA_v3.lastbuildstate".
     1>Done Building Project "P:\GIT_Repos\PLAYINGWITHCUDA\openGLCUDA_v3\openGLCUDA_v3.vcxproj" (build target(s)).

Build succeeded.

Time Elapsed 00:00:17.84
